build/app/intermediates/manifest_merge_blame_file/debug/manifest-merger-blame-debug-report.txt
1<?xml version="1.0" encoding="utf-8"?>
2<manifest xmlns:android="http://schemas.android.com/apk/res/android"
3    package="com.example.attendy"
4    android:versionCode="1"
5    android:versionName="1.0.0" >
6
7    <uses-sdk
8        android:minSdkVersion="26"
9        android:targetSdkVersion="35" />
10    <!--
11         The INTERNET permission is required for development. Specifically,
12         the Flutter tool needs it to communicate with the running application
13         to allow setting breakpoints, to provide hot reload, etc.
14    -->
15    <uses-permission android:name="android.permission.INTERNET" />
15-->src/debug/AndroidManifest.xml:6:5-66
15-->src/debug/AndroidManifest.xml:6:22-64
16    <uses-permission android:name="android.permission.ACCESS_FINE_LOCATION" />
16-->src/main/AndroidManifest.xml:2:5-79
16-->src/main/AndroidManifest.xml:2:22-76
17    <uses-permission android:name="android.permission.ACCESS_COARSE_LOCATION" />
17-->src/main/AndroidManifest.xml:3:5-81
17-->src/main/AndroidManifest.xml:3:22-78
18    <uses-permission android:name="android.permission.ACCESS_BACKGROUND_LOCATION" />
18-->src/main/AndroidManifest.xml:4:5-85
18-->src/main/AndroidManifest.xml:4:22-82
19    <uses-permission android:name="android.permission.CAMERA" />
19-->src/main/AndroidManifest.xml:5:5-65
19-->src/main/AndroidManifest.xml:5:22-62
20    <uses-permission android:name="android.permission.READ_MEDIA_IMAGES" />
20-->src/main/AndroidManifest.xml:6:5-76
20-->src/main/AndroidManifest.xml:6:22-73
21    <uses-permission
21-->src/main/AndroidManifest.xml:7:5-107
22        android:name="android.permission.READ_EXTERNAL_STORAGE"
22-->src/main/AndroidManifest.xml:7:22-77
23        android:maxSdkVersion="32" />
23-->src/main/AndroidManifest.xml:7:78-104
24    <uses-permission
24-->src/main/AndroidManifest.xml:8:5-81
25        android:name="android.permission.WRITE_EXTERNAL_STORAGE"
25-->src/main/AndroidManifest.xml:8:22-78
26        android:maxSdkVersion="28" />
26-->[:camera_android_camerax] AndroidManifest.xml:13:9-35
27    <!--
28 Required to query activities that can process text, see:
29         https://developer.android.com/training/package-visibility and
30         https://developer.android.com/reference/android/content/Intent#ACTION_PROCESS_TEXT.
31
32         In particular, this is used by the Flutter engine in io.flutter.plugin.text.ProcessTextPlugin.
33    -->
34    <queries>
34-->src/main/AndroidManifest.xml:47:5-52:15
35        <intent>
35-->src/main/AndroidManifest.xml:48:9-51:18
36            <action android:name="android.intent.action.PROCESS_TEXT" />
36-->src/main/AndroidManifest.xml:49:13-72
36-->src/main/AndroidManifest.xml:49:21-70
37
38            <data android:mimeType="text/plain" />
38-->src/main/AndroidManifest.xml:50:13-50
38-->src/main/AndroidManifest.xml:50:19-48
39        </intent>
40        <intent>
40-->[:file_picker] AndroidManifest.xml:8:9-12:18
41            <action android:name="android.intent.action.GET_CONTENT" />
41-->[:file_picker] AndroidManifest.xml:9:13-72
41-->[:file_picker] AndroidManifest.xml:9:21-69
42
43            <data android:mimeType="*/*" />
43-->src/main/AndroidManifest.xml:50:13-50
43-->src/main/AndroidManifest.xml:50:19-48
44        </intent>
45    </queries>
46
47    <uses-feature android:name="android.hardware.camera.any" />
47-->[:camera_android_camerax] AndroidManifest.xml:7:5-64
47-->[:camera_android_camerax] AndroidManifest.xml:7:19-61
48
49    <uses-permission android:name="android.permission.RECORD_AUDIO" />
49-->[:camera_android_camerax] AndroidManifest.xml:10:5-71
49-->[:camera_android_camerax] AndroidManifest.xml:10:22-68
50
51    <permission
51-->[androidx.core:core:1.13.1] AndroidManifest.xml:22:5-24:47
52        android:name="com.example.attendy.DYNAMIC_RECEIVER_NOT_EXPORTED_PERMISSION"
52-->[androidx.core:core:1.13.1] AndroidManifest.xml:23:9-81
53        android:protectionLevel="signature" />
53-->[androidx.core:core:1.13.1] AndroidManifest.xml:24:9-44
54
55    <uses-permission android:name="com.example.attendy.DYNAMIC_RECEIVER_NOT_EXPORTED_PERMISSION" />
55-->[androidx.core:core:1.13.1] AndroidManifest.xml:26:5-97
55-->[androidx.core:core:1.13.1] AndroidManifest.xml:26:22-94
56
57    <application
58        android:name="android.app.Application"
59        android:appComponentFactory="androidx.core.app.CoreComponentFactory"
59-->[androidx.core:core:1.13.1] AndroidManifest.xml:28:18-86
60        android:debuggable="true"
61        android:extractNativeLibs="false"
62        android:icon="@mipmap/ic_launcher"
63        android:label="attendy"
64        android:requestLegacyExternalStorage="true" >
65        <activity
66            android:name="com.example.attendy.MainActivity"
67            android:configChanges="orientation|keyboardHidden|keyboard|screenSize|smallestScreenSize|locale|layoutDirection|fontScale|screenLayout|density|uiMode"
68            android:exported="true"
69            android:hardwareAccelerated="true"
70            android:launchMode="singleTop"
71            android:taskAffinity=""
72            android:theme="@style/LaunchTheme"
73            android:windowSoftInputMode="adjustResize" >
74
75            <!--
76                 Specifies an Android theme to apply to this Activity as soon as
77                 the Android process has started. This theme is visible to the user
78                 while the Flutter UI initializes. After that, this theme continues
79                 to determine the Window background behind the Flutter UI.
80            -->
81            <meta-data
82                android:name="io.flutter.embedding.android.NormalTheme"
83                android:resource="@style/NormalTheme" />
84
85            <intent-filter>
86                <action android:name="android.intent.action.MAIN" />
87
88                <category android:name="android.intent.category.LAUNCHER" />
89            </intent-filter>
90        </activity>
91        <!--
92             Don't delete the meta-data below.
93             This is used by the Flutter tool to generate GeneratedPluginRegistrant.java
94        -->
95        <meta-data
96            android:name="flutterEmbedding"
97            android:value="2" />
98
99        <provider
99-->[:image_picker_android] AndroidManifest.xml:9:9-17:20
100            android:name="io.flutter.plugins.imagepicker.ImagePickerFileProvider"
100-->[:image_picker_android] AndroidManifest.xml:10:13-82
101            android:authorities="com.example.attendy.flutter.image_provider"
101-->[:image_picker_android] AndroidManifest.xml:11:13-74
102            android:exported="false"
102-->[:image_picker_android] AndroidManifest.xml:12:13-37
103            android:grantUriPermissions="true" >
103-->[:image_picker_android] AndroidManifest.xml:13:13-47
104            <meta-data
104-->[:image_picker_android] AndroidManifest.xml:14:13-16:75
105                android:name="android.support.FILE_PROVIDER_PATHS"
105-->[:image_picker_android] AndroidManifest.xml:15:17-67
106                android:resource="@xml/flutter_image_picker_file_paths" />
106-->[:image_picker_android] AndroidManifest.xml:16:17-72
107        </provider> <!-- Trigger Google Play services to install the backported photo picker module. -->
108        <service
108-->[:image_picker_android] AndroidManifest.xml:19:9-31:19
109            android:name="com.google.android.gms.metadata.ModuleDependencies"
109-->[:image_picker_android] AndroidManifest.xml:20:13-78
110            android:enabled="false"
110-->[:image_picker_android] AndroidManifest.xml:21:13-36
111            android:exported="false" >
111-->[:image_picker_android] AndroidManifest.xml:22:13-37
112            <intent-filter>
112-->[:image_picker_android] AndroidManifest.xml:24:13-26:29
113                <action android:name="com.google.android.gms.metadata.MODULE_DEPENDENCIES" />
113-->[:image_picker_android] AndroidManifest.xml:25:17-94
113-->[:image_picker_android] AndroidManifest.xml:25:25-91
114            </intent-filter>
115
116            <meta-data
116-->[:image_picker_android] AndroidManifest.xml:28:13-30:36
117                android:name="photopicker_activity:0:required"
117-->[:image_picker_android] AndroidManifest.xml:29:17-63
118                android:value="" />
118-->[:image_picker_android] AndroidManifest.xml:30:17-33
119        </service>
120        <service
120-->[:geolocator_android] AndroidManifest.xml:8:9-12:56
121            android:name="com.baseflow.geolocator.GeolocatorLocationService"
121-->[:geolocator_android] AndroidManifest.xml:9:13-77
122            android:enabled="true"
122-->[:geolocator_android] AndroidManifest.xml:10:13-35
123            android:exported="false"
123-->[:geolocator_android] AndroidManifest.xml:11:13-37
124            android:foregroundServiceType="location" />
124-->[:geolocator_android] AndroidManifest.xml:12:13-53
125        <service
125-->[androidx.camera:camera-camera2:1.3.4] AndroidManifest.xml:24:9-33:19
126            android:name="androidx.camera.core.impl.MetadataHolderService"
126-->[androidx.camera:camera-camera2:1.3.4] AndroidManifest.xml:25:13-75
127            android:enabled="false"
127-->[androidx.camera:camera-camera2:1.3.4] AndroidManifest.xml:26:13-36
128            android:exported="false" >
128-->[androidx.camera:camera-camera2:1.3.4] AndroidManifest.xml:27:13-37
129            <meta-data
129-->[androidx.camera:camera-camera2:1.3.4] AndroidManifest.xml:30:13-32:89
130                android:name="androidx.camera.core.impl.MetadataHolderService.DEFAULT_CONFIG_PROVIDER"
130-->[androidx.camera:camera-camera2:1.3.4] AndroidManifest.xml:31:17-103
131                android:value="androidx.camera.camera2.Camera2Config$DefaultProvider" />
131-->[androidx.camera:camera-camera2:1.3.4] AndroidManifest.xml:32:17-86
132        </service>
133
134        <activity
134-->[com.google.android.gms:play-services-base:18.3.0] AndroidManifest.xml:20:9-22:45
135            android:name="com.google.android.gms.common.api.GoogleApiActivity"
135-->[com.google.android.gms:play-services-base:18.3.0] AndroidManifest.xml:20:19-85
136            android:exported="false"
136-->[com.google.android.gms:play-services-base:18.3.0] AndroidManifest.xml:22:19-43
137            android:theme="@android:style/Theme.Translucent.NoTitleBar" />
137-->[com.google.android.gms:play-services-base:18.3.0] AndroidManifest.xml:21:19-78
138
139        <meta-data
139-->[com.google.android.gms:play-services-basement:18.3.0] AndroidManifest.xml:21:9-23:69
140            android:name="com.google.android.gms.version"
140-->[com.google.android.gms:play-services-basement:18.3.0] AndroidManifest.xml:22:13-58
141            android:value="@integer/google_play_services_version" />
141-->[com.google.android.gms:play-services-basement:18.3.0] AndroidManifest.xml:23:13-66
142
143        <uses-library
143-->[androidx.window:window:1.2.0] AndroidManifest.xml:23:9-25:40
144            android:name="androidx.window.extensions"
144-->[androidx.window:window:1.2.0] AndroidManifest.xml:24:13-54
145            android:required="false" />
145-->[androidx.window:window:1.2.0] AndroidManifest.xml:25:13-37
146        <uses-library
146-->[androidx.window:window:1.2.0] AndroidManifest.xml:26:9-28:40
147            android:name="androidx.window.sidecar"
147-->[androidx.window:window:1.2.0] AndroidManifest.xml:27:13-51
148            android:required="false" />
148-->[androidx.window:window:1.2.0] AndroidManifest.xml:28:13-37
149
150        <provider
150-->[androidx.lifecycle:lifecycle-process:2.7.0] AndroidManifest.xml:24:9-32:20
151            android:name="androidx.startup.InitializationProvider"
151-->[androidx.lifecycle:lifecycle-process:2.7.0] AndroidManifest.xml:25:13-67
152            android:authorities="com.example.attendy.androidx-startup"
152-->[androidx.lifecycle:lifecycle-process:2.7.0] AndroidManifest.xml:26:13-68
153            android:exported="false" >
153-->[androidx.lifecycle:lifecycle-process:2.7.0] AndroidManifest.xml:27:13-37
154            <meta-data
154-->[androidx.lifecycle:lifecycle-process:2.7.0] AndroidManifest.xml:29:13-31:52
155                android:name="androidx.lifecycle.ProcessLifecycleInitializer"
155-->[androidx.lifecycle:lifecycle-process:2.7.0] AndroidManifest.xml:30:17-78
156                android:value="androidx.startup" />
156-->[androidx.lifecycle:lifecycle-process:2.7.0] AndroidManifest.xml:31:17-49
157            <meta-data
157-->[androidx.profileinstaller:profileinstaller:1.3.1] AndroidManifest.xml:29:13-31:52
158                android:name="androidx.profileinstaller.ProfileInstallerInitializer"
158-->[androidx.profileinstaller:profileinstaller:1.3.1] AndroidManifest.xml:30:17-85
159                android:value="androidx.startup" />
159-->[androidx.profileinstaller:profileinstaller:1.3.1] AndroidManifest.xml:31:17-49
160        </provider>
161
162        <receiver
162-->[androidx.profileinstaller:profileinstaller:1.3.1] AndroidManifest.xml:34:9-52:20
163            android:name="androidx.profileinstaller.ProfileInstallReceiver"
163-->[androidx.profileinstaller:profileinstaller:1.3.1] AndroidManifest.xml:35:13-76
164            android:directBootAware="false"
164-->[androidx.profileinstaller:profileinstaller:1.3.1] AndroidManifest.xml:36:13-44
165            android:enabled="true"
165-->[androidx.profileinstaller:profileinstaller:1.3.1] AndroidManifest.xml:37:13-35
166            android:exported="true"
166-->[androidx.profileinstaller:profileinstaller:1.3.1] AndroidManifest.xml:38:13-36
167            android:permission="android.permission.DUMP" >
167-->[androidx.profileinstaller:profileinstaller:1.3.1] AndroidManifest.xml:39:13-57
168            <intent-filter>
168-->[androidx.profileinstaller:profileinstaller:1.3.1] AndroidManifest.xml:40:13-42:29
169                <action android:name="androidx.profileinstaller.action.INSTALL_PROFILE" />
169-->[androidx.profileinstaller:profileinstaller:1.3.1] AndroidManifest.xml:41:17-91
169-->[androidx.profileinstaller:profileinstaller:1.3.1] AndroidManifest.xml:41:25-88
170            </intent-filter>
171            <intent-filter>
171-->[androidx.profileinstaller:profileinstaller:1.3.1] AndroidManifest.xml:43:13-45:29
172                <action android:name="androidx.profileinstaller.action.SKIP_FILE" />
172-->[androidx.profileinstaller:profileinstaller:1.3.1] AndroidManifest.xml:44:17-85
172-->[androidx.profileinstaller:profileinstaller:1.3.1] AndroidManifest.xml:44:25-82
173            </intent-filter>
174            <intent-filter>
174-->[androidx.profileinstaller:profileinstaller:1.3.1] AndroidManifest.xml:46:13-48:29
175                <action android:name="androidx.profileinstaller.action.SAVE_PROFILE" />
175-->[androidx.profileinstaller:profileinstaller:1.3.1] AndroidManifest.xml:47:17-88
175-->[androidx.profileinstaller:profileinstaller:1.3.1] AndroidManifest.xml:47:25-85
176            </intent-filter>
177            <intent-filter>
177-->[androidx.profileinstaller:profileinstaller:1.3.1] AndroidManifest.xml:49:13-51:29
178                <action android:name="androidx.profileinstaller.action.BENCHMARK_OPERATION" />
178-->[androidx.profileinstaller:profileinstaller:1.3.1] AndroidManifest.xml:50:17-95
178-->[androidx.profileinstaller:profileinstaller:1.3.1] AndroidManifest.xml:50:25-92
179            </intent-filter>
180        </receiver>
181    </application>
182
183</manifest>